<?xml version="1.0" encoding="UTF-8"?>
<!-- Generated by org.testng.reporters.JUnitReportReporter -->
<testsuite hostname="DESKTOP-BHH8NVD" failures="0" tests="1" name="BaseClasses.OfferrideTestcase" time="4.897" errors="0" timestamp="2024-06-13T10:46:36 IST" skipped="0">
  <testcase classname="BaseClasses.OfferrideTestcase" name="offerridestep1" time="4.897"/>
</testsuite> <!-- BaseClasses.OfferrideTestcase -->
