<?xml version="1.0" encoding="UTF-8"?>
<!-- Generated by org.testng.reporters.JUnitReportReporter -->
<testsuite hostname="DESKTOP-BHH8NVD" failures="0" tests="1" name="BaseClasses.OfferrideStep_2TestCase" time="9.047" errors="0" timestamp="2024-06-13T16:20:05 IST" skipped="0">
  <testcase classname="BaseClasses.OfferrideStep_2TestCase" name="offerridestep2" time="9.047"/>
</testsuite> <!-- BaseClasses.OfferrideStep_2TestCase -->
