<?xml version="1.0" encoding="UTF-8"?>
<!-- Generated by org.testng.reporters.JUnitReportReporter -->
<testsuite hostname="DESKTOP-BHH8NVD" failures="0" tests="1" name="BaseClasses.LoginTestClass" time="4.459" errors="0" timestamp="2024-05-30T12:48:15 IST" skipped="0">
  <testcase classname="BaseClasses.LoginTestClass" name="loginTest" time="4.459"/>
</testsuite> <!-- BaseClasses.LoginTestClass -->
